[26-Apr-2022 19:16:27] NOTICE: fpm is running, pid 5954
[26-Apr-2022 19:16:27] NOTICE: ready to handle connections
[26-Apr-2022 19:17:33] NOTICE: Terminating ...
[26-Apr-2022 19:17:33] NOTICE: Terminating ...
[26-Apr-2022 19:17:33] NOTICE: exiting, bye-bye!
[26-Apr-2022 19:23:27] NOTICE: fpm is running, pid 6585
[26-Apr-2022 19:23:27] NOTICE: ready to handle connections
[26-Apr-2022 19:23:48] NOTICE: Terminating ...
[26-Apr-2022 19:23:48] NOTICE: Terminating ...
[26-Apr-2022 19:23:48] NOTICE: exiting, bye-bye!
[26-Apr-2022 19:24:42] NOTICE: fpm is running, pid 6887
[26-Apr-2022 19:24:42] NOTICE: ready to handle connections
[26-Apr-2022 20:15:52] NOTICE: Terminating ...
[26-Apr-2022 20:15:52] NOTICE: exiting, bye-bye!
[26-Apr-2022 20:22:23] NOTICE: fpm is running, pid 4568
[26-Apr-2022 20:22:23] NOTICE: ready to handle connections
[26-Apr-2022 21:12:15] NOTICE: Terminating ...
[26-Apr-2022 21:12:15] NOTICE: Terminating ...
[26-Apr-2022 21:12:15] NOTICE: exiting, bye-bye!
[28-Apr-2022 10:35:31] NOTICE: fpm is running, pid 8297
[28-Apr-2022 10:35:31] NOTICE: ready to handle connections
[28-Apr-2022 11:10:07] NOTICE: Terminating ...
[28-Apr-2022 11:10:07] NOTICE: Terminating ...
[28-Apr-2022 11:10:07] NOTICE: exiting, bye-bye!
[02-May-2022 11:04:05] NOTICE: fpm is running, pid 6572
[02-May-2022 11:04:05] NOTICE: ready to handle connections
